<?xml version="1.0" encoding="UTF-8"?>
<testng-results ignored="0" total="2" passed="2" failed="0" skipped="0">
  <reporter-output>
  </reporter-output>
  <suite started-at="2023-01-05T05:13:27 IST" name="Suite" finished-at="2023-01-05T05:13:37 IST" duration-ms="9979">
    <groups>
    </groups>
    <test started-at="2023-01-05T05:13:27 IST" name="Test1" finished-at="2023-01-05T05:13:33 IST" duration-ms="6149">
      <class name="programs1.Multi_Browsing">
        <test-method signature="TC1(java.lang.String)[pri:0, instance:programs1.Multi_Browsing@393671df]" started-at="2023-01-05T05:13:27 IST" name="TC1" finished-at="2023-01-05T05:13:33 IST" duration-ms="6065" status="PASS">
          <params>
            <param index="0">
              <value>
                <![CDATA[Chrome]]>
              </value>
            </param>
          </params>
          <reporter-output>
          </reporter-output>
        </test-method> <!-- TC1 -->
      </class> <!-- programs1.Multi_Browsing -->
    </test> <!-- Test1 -->
    <test started-at="2023-01-05T05:13:27 IST" name="Test2" finished-at="2023-01-05T05:13:37 IST" duration-ms="9979">
      <class name="programs1.Multi_Browsing">
        <test-method signature="TC1(java.lang.String)[pri:0, instance:programs1.Multi_Browsing@399f45b1]" started-at="2023-01-05T05:13:27 IST" name="TC1" finished-at="2023-01-05T05:13:37 IST" duration-ms="9908" status="PASS">
          <params>
            <param index="0">
              <value>
                <![CDATA[Firefox]]>
              </value>
            </param>
          </params>
          <reporter-output>
          </reporter-output>
        </test-method> <!-- TC1 -->
      </class> <!-- programs1.Multi_Browsing -->
    </test> <!-- Test2 -->
  </suite> <!-- Suite -->
</testng-results>
